<?xml version="1.0" encoding="UTF-8"?>
<!-- Generated by org.testng.reporters.JUnitReportReporter -->
<testsuite skipped="0" hostname="Dibendu-PC" name="MavenProject.FirstMavenProject.SeleniumTest" tests="2" failures="0" timestamp="26 May 2019 11:59:46 GMT" time="0.001" errors="0">
  <testcase name="webElements" time="0.001" classname="MavenProject.FirstMavenProject.SeleniumTest"/>
  <testcase name="browserAutomation" time="0.000" classname="MavenProject.FirstMavenProject.SeleniumTest"/>
</testsuite> <!-- MavenProject.FirstMavenProject.SeleniumTest -->
