<?xml version="1.0" encoding="UTF-8"?>
<!-- Generated by org.testng.reporters.JUnitReportReporter -->
<testsuite skipped="0" hostname="Dibendu-PC" name="MavenProject.FirstMavenProject.AppiumTest" tests="2" failures="0" timestamp="26 May 2019 11:59:46 GMT" time="0.015" errors="0">
  <testcase name="ios" time="0.001" classname="MavenProject.FirstMavenProject.AppiumTest"/>
  <testcase name="android" time="0.014" classname="MavenProject.FirstMavenProject.AppiumTest"/>
</testsuite> <!-- MavenProject.FirstMavenProject.AppiumTest -->
